<?xml version="1.0" encoding="UTF-8"?>
<!-- Generated by org.testng.reporters.JUnitReportReporter -->
<testsuite skipped="0" hostname="E4999-Retail" name="com.testcase.WebPageTestCase" tests="1" failures="0" timestamp="03 Oct 2020 16:38:43 GMT" time="11.191" errors="0">
  <testcase name="UserLogin" time="11.191" classname="com.testcase.WebPageTestCase"/>
</testsuite> <!-- com.testcase.WebPageTestCase -->
